<?xml version="1.0" encoding="UTF-8"?>
<testsuites name="jest tests" tests="1" failures="0" errors="0" time="4.161">
  <testsuite name="Table" errors="0" failures="0" skipped="0" timestamp="2021-10-30T01:06:34" time="2.127" tests="1">
    <testcase classname="Table render" name="Table render" time="0.035">
    </testcase>
  </testsuite>
</testsuites>